
HashIndex Functions (Testdriver), Version 0.1.0
MOD[ss.c] VER[0.1.0 Pre] DAT[92/07/10] DEV[ad dec]
Copyright (c) Allan Dystrup 1992

Opening SS-file[FILE.HSH], mode[RO] :
	Read SS-header: dwIsize[151], dwIused[100], wKsize[10]
Key[iryxwpertb]-(hash)->HashfileKeyRecord[73]
			HashfileKeyOffset[3622]
Key[iryxwpertb]-(hash)->HashfileKeyRecord[146]
			HashfileKeyOffset[3452]
SUM OK : lookup=[1], probe=[1], probe/lookup=[1.00]
SUM ALL: lookup=[2], probe=[3], probe/lookup=[1.50]
Key[iryxwpertb]-(lookup)->FlatfileOffset[0]
Key[xxkdqionsz]-(hash)->HashfileKeyRecord[125]
			HashfileKeyOffset[6332]
SUM OK : lookup=[1], probe=[1], probe/lookup=[1.00]
SUM ALL: lookup=[3], probe=[4], probe/lookup=[1.33]
Key[xxkdqionsz]-(lookup)->FlatfileOffset[0]
Key[mzzfAfrKsd]-(hash)->HashfileKeyRecord[69]
			HashfileKeyOffset[3452]
SUM OK : lookup=[1], probe=[1], probe/lookup=[1.00]
SUM ALL: lookup=[4], probe=[5], probe/lookup=[1.25]
Key[mzzfAfrKsd]-(lookup)->FlatfileOffset[0]
Key[WxzapvciMQ]-(hash)->HashfileKeyRecord[18]
			HashfileKeyOffset[774]
Key[WxzapvciMQ]-(hash)->HashfileKeyRecord[120]
			HashfileKeyOffset[7106]
SUM OK : lookup=[1], probe=[1], probe/lookup=[1.00]
SUM ALL: lookup=[5], probe=[7], probe/lookup=[1.40]
Key[WxzapvciMQ]-(lookup)->FlatfileOffset[0]
Key[euxjmfwprm]-(hash)->HashfileKeyRecord[95]
			HashfileKeyOffset[4716]
SUM OK : lookup=[1], probe=[1], probe/lookup=[1.00]
SUM ALL: lookup=[6], probe=[8], probe/lookup=[1.33]
Key[euxjmfwprm]-(lookup)->FlatfileOffset[0]
Key[gnsqoIivzC]-(hash)->HashfileKeyRecord[119]
			HashfileKeyOffset[6076]
SUM OK : lookup=[1], probe=[1], probe/lookup=[1.00]
SUM ALL: lookup=[7], probe=[9], probe/lookup=[1.29]
Key[gnsqoIivzC]-(lookup)->FlatfileOffset[0]
Key[yfCaGjuiij]-(hash)->HashfileKeyRecord[115]
			HashfileKeyOffset[5726]
Key[yfCaGjuiij]-(hash)->HashfileKeyRecord[75]
			HashfileKeyOffset[2070]
			HashfileKeyOffset[5760]
			HashfileKeyOffset[2122]
SUM OK : lookup=[1], probe=[1], probe/lookup=[1.00]
SUM ALL: lookup=[8], probe=[13], probe/lookup=[1.62]
Key[yfCaGjuiij]-(lookup)->FlatfileOffset[0]
Key[kmhzkmbmlr]-(hash)->HashfileKeyRecord[79]
			HashfileKeyOffset[4056]
Key[kmhzkmbmlr]-(hash)->HashfileKeyRecord[56]
			HashfileKeyOffset[6770]
			HashfileKeyOffset[2154]
			HashfileKeyOffset[5066]
			HashfileKeyOffset[252]
			HashfileKeyOffset[3164]
			HashfileKeyOffset[6076]
SUM OK : lookup=[1], probe=[1], probe/lookup=[1.00]
SUM ALL: lookup=[9], probe=[20], probe/lookup=[2.22]
Key[kmhzkmbmlr]-(lookup)->FlatfileOffset[0]
Key[uxecszdhIv]-(hash)->HashfileKeyRecord[41]
			HashfileKeyOffset[2122]
SUM OK : lookup=[1], probe=[1], probe/lookup=[1.00]
SUM ALL: lookup=[10], probe=[21], probe/lookup=[2.10]
Key[uxecszdhIv]-(lookup)->FlatfileOffset[0]
Key[rzjtwtkvaW]-(hash)->HashfileKeyRecord[102]
			HashfileKeyOffset[5204]
Key[rzjtwtkvaW]-(hash)->HashfileKeyRecord[141]
			HashfileKeyOffset[4632]
SUM OK : lookup=[1], probe=[1], probe/lookup=[1.00]
SUM ALL: lookup=[11], probe=[23], probe/lookup=[2.09]
Key[rzjtwtkvaW]-(lookup)->FlatfileOffset[0]
Key[xixhnrzoob]-(hash)->HashfileKeyRecord[37]
			HashfileKeyOffset[1752]
Key[xixhnrzoob]-(hash)->HashfileKeyRecord[143]
			HashfileKeyOffset[1464]
SUM OK : lookup=[1], probe=[1], probe/lookup=[1.00]
SUM ALL: lookup=[12], probe=[25], probe/lookup=[2.08]
Key[xixhnrzoob]-(lookup)->FlatfileOffset[0]
